Using pre-set license
Built from '2021.3/staging' branch; Version is '2021.3.4f1 (cb45f9cae8b7) revision 13321721'; Using compiler version '192829333'; Build Type 'Release'
OS: 'Windows 10  (10.0.19044) 64bit CoreSingleLanguage' Language: 'en' Physical Memory: 8078 MB
BatchMode: 1, IsHumanControllingUs: 0, StartBugReporterOnCrash: 0, Is64bit: 1, IsPro: 1

COMMAND LINE ARGUMENTS:
D:\Unity\Hub\Editor\2021.3.4f1\Editor\Unity.exe
-adb2
-batchMode
-noUpm
-name
AssetImportWorker0
-projectPath
D:/UnityProjects/rescuse_the_wood
-logFile
Logs/AssetImportWorker0.log
-srvPort
64150
Successfully changed project path to: D:/UnityProjects/rescuse_the_wood
D:/UnityProjects/rescuse_the_wood
[UnityMemory] Configuration Parameters - Can be set up in boot.config
    "memorysetup-bucket-allocator-granularity=16"
    "memorysetup-bucket-allocator-bucket-count=8"
    "memorysetup-bucket-allocator-block-size=33554432"
    "memorysetup-bucket-allocator-block-count=8"
    "memorysetup-main-allocator-block-size=16777216"
    "memorysetup-thread-allocator-block-size=16777216"
    "memorysetup-gfx-main-allocator-block-size=16777216"
    "memorysetup-gfx-thread-allocator-block-size=16777216"
    "memorysetup-cache-allocator-block-size=4194304"
    "memorysetup-typetree-allocator-block-size=2097152"
    "memorysetup-profiler-bucket-allocator-granularity=16"
    "memorysetup-profiler-bucket-allocator-bucket-count=8"
    "memorysetup-profiler-bucket-allocator-block-size=33554432"
    "memorysetup-profiler-bucket-allocator-block-count=8"
    "memorysetup-profiler-allocator-block-size=16777216"
    "memorysetup-profiler-editor-allocator-block-size=1048576"
    "memorysetup-temp-allocator-size-main=16777216"
    "memorysetup-job-temp-allocator-block-size=2097152"
    "memorysetup-job-temp-allocator-block-size-background=1048576"
    "memorysetup-job-temp-allocator-reduction-small-platforms=262144"
    "memorysetup-temp-allocator-size-background-worker=32768"
    "memorysetup-temp-allocator-size-job-worker=262144"
    "memorysetup-temp-allocator-size-preload-manager=33554432"
    "memorysetup-temp-allocator-size-nav-mesh-worker=65536"
    "memorysetup-temp-allocator-size-audio-worker=65536"
    "memorysetup-temp-allocator-size-cloud-worker=32768"
    "memorysetup-temp-allocator-size-gi-baking-worker=262144"
    "memorysetup-temp-allocator-size-gfx=262144"
Refreshing native plugins compatible for Editor in 138.99 ms, found 4 plugins.
Preloading 0 native plugins for Editor in 0.00 ms.
Initialize engine version: 2021.3.4f1 (cb45f9cae8b7)
[Subsystems] Discovering subsystems at path D:/Unity/Hub/Editor/2021.3.4f1/Editor/Data/Resources/UnitySubsystems
[Subsystems] Discovering subsystems at path D:/UnityProjects/rescuse_the_wood/Assets
GfxDevice: creating device client; threaded=0; jobified=0
Direct3D:
    Version:  Direct3D 11.0 [level 11.1]
    Renderer: NVIDIA GeForce MX150 (ID=0x1d10)
    Vendor:   NVIDIA
    VRAM:     4027 MB
    Driver:   30.0.15.1169
Initialize mono
Mono path[0] = 'D:/Unity/Hub/Editor/2021.3.4f1/Editor/Data/Managed'
Mono path[1] = 'D:/Unity/Hub/Editor/2021.3.4f1/Editor/Data/MonoBleedingEdge/lib/mono/unityjit-win32'
Mono config path = 'D:/Unity/Hub/Editor/2021.3.4f1/Editor/Data/MonoBleedingEdge/etc'
Using monoOptions --debugger-agent=transport=dt_socket,embedding=1,server=y,suspend=n,address=127.0.0.1:56112
Begin MonoManager ReloadAssembly
Registering precompiled unity dll's ...
Register platform support module: D:/Unity/Hub/Editor/2021.3.4f1/Editor/Data/PlaybackEngines/WebGLSupport/UnityEditor.WebGL.Extensions.dll
Register platform support module: D:/Unity/Hub/Editor/2021.3.4f1/Editor/Data/PlaybackEngines/AndroidPlayer/UnityEditor.Android.Extensions.dll
Register platform support module: D:/Unity/Hub/Editor/2021.3.4f1/Editor/Data/PlaybackEngines/WindowsStandaloneSupport/UnityEditor.WindowsStandalone.Extensions.dll
Register platform support module: D:/Unity/Hub/Editor/2021.3.4f1/Editor/Data/PlaybackEngines/MetroSupport/UnityEditor.UWP.Extensions.dll
Registered in 0.006497 seconds.
Native extension for UWP target not found
Native extension for WindowsStandalone target not found
Native extension for Android target not found
Native extension for WebGL target not found
Refreshing native plugins compatible for Editor in 138.03 ms, found 4 plugins.
Preloading 0 native plugins for Editor in 0.00 ms.
Mono: successfully reloaded assembly
- Completed reload, in  0.956 seconds
Domain Reload Profiling:
	ReloadAssembly (957ms)
		BeginReloadAssembly (117ms)
			ExecutionOrderSort (0ms)
			DisableScriptedObjects (0ms)
			BackupInstance (0ms)
			ReleaseScriptingObjects (0ms)
			CreateAndSetChildDomain (1ms)
		EndReloadAssembly (686ms)
			LoadAssemblies (117ms)
			RebuildTransferFunctionScriptingTraits (0ms)
			SetupTypeCache (168ms)
			ReleaseScriptCaches (0ms)
			RebuildScriptCaches (42ms)
			SetupLoadedEditorAssemblies (409ms)
				LogAssemblyErrors (0ms)
				InitializePlatformSupportModulesInManaged (63ms)
				SetLoadedEditorAssemblies (0ms)
				RefreshPlugins (138ms)
				BeforeProcessingInitializeOnLoad (1ms)
				ProcessInitializeOnLoadAttributes (142ms)
				ProcessInitializeOnLoadMethodAttributes (65ms)
				AfterProcessingInitializeOnLoad (0ms)
				EditorAssembliesLoaded (0ms)
			ExecutionOrderSort2 (0ms)
			AwakeInstancesAfterBackupRestoration (0ms)
Platform modules already initialized, skipping
Registering precompiled user dll's ...
Registered in 0.009999 seconds.
Begin MonoManager ReloadAssembly
Symbol file LoadedFromMemory doesn't match image D:\UnityProjects\rescuse_the_wood\Library\PackageCache\com.unity.visualscripting@1.7.8\Editor\VisualScripting.Core\Dependencies\YamlDotNet\Unity.VisualScripting.YamlDotNet.dll
Symbol file LoadedFromMemory doesn't match image D:\UnityProjects\rescuse_the_wood\Library\PackageCache\com.unity.visualscripting@1.7.8\Editor\VisualScripting.Core\Dependencies\DotNetZip\Unity.VisualScripting.IonicZip.dll
Native extension for UWP target not found
Native extension for WindowsStandalone target not found
Native extension for Android target not found
Native extension for WebGL target not found
Refreshing native plugins compatible for Editor in 128.32 ms, found 4 plugins.
Preloading 0 native plugins for Editor in 0.00 ms.
Mono: successfully reloaded assembly
- Completed reload, in  1.727 seconds
Domain Reload Profiling:
	ReloadAssembly (1728ms)
		BeginReloadAssembly (164ms)
			ExecutionOrderSort (0ms)
			DisableScriptedObjects (8ms)
			BackupInstance (0ms)
			ReleaseScriptingObjects (0ms)
			CreateAndSetChildDomain (27ms)
		EndReloadAssembly (1400ms)
			LoadAssemblies (158ms)
			RebuildTransferFunctionScriptingTraits (0ms)
			SetupTypeCache (374ms)
			ReleaseScriptCaches (1ms)
			RebuildScriptCaches (91ms)
			SetupLoadedEditorAssemblies (706ms)
				LogAssemblyErrors (0ms)
				InitializePlatformSupportModulesInManaged (21ms)
				SetLoadedEditorAssemblies (0ms)
				RefreshPlugins (128ms)
				BeforeProcessingInitializeOnLoad (142ms)
				ProcessInitializeOnLoadAttributes (344ms)
				ProcessInitializeOnLoadMethodAttributes (66ms)
				AfterProcessingInitializeOnLoad (5ms)
				EditorAssembliesLoaded (0ms)
			ExecutionOrderSort2 (0ms)
			AwakeInstancesAfterBackupRestoration (12ms)
Platform modules already initialized, skipping
========================================================================
Worker process is ready to serve import requests
Launched and connected shader compiler UnityShaderCompiler.exe after 0.27 seconds
Refreshing native plugins compatible for Editor in 1.13 ms, found 4 plugins.
Preloading 0 native plugins for Editor in 0.00 ms.
Unloading 4088 Unused Serialized files (Serialized files now loaded: 0)
Unloading 38 unused Assets / (55.3 KB). Loaded Objects now: 4546.
Memory consumption went from 151.7 MB to 151.6 MB.
Total: 4.576000 ms (FindLiveObjects: 0.371200 ms CreateObjectMapping: 0.322000 ms MarkObjects: 3.789300 ms  DeleteObjects: 0.091800 ms)

AssetImportParameters requested are different than current active one (requested -> active):
  custom:video-decoder-ogg-theora: a1e56fd34408186e4bbccfd4996cb3dc -> 
  custom:container-muxer-webm: aa71ff27fc2769a1b78a27578f13a17b -> 
  custom:container-demuxer-webm: 4f35f7cbe854078d1ac9338744f61a02 -> 
  custom:video-encoder-webm-vp8: eb34c28f22e8b96e1ab97ce403110664 -> 
  custom:audio-encoder-webm-vorbis: bf7c407c2cedff20999df2af8eb42d56 -> 
  custom:framework-win-MediaFoundation: 216162199b28c13a410421893ffa2e32 -> 
  custom:container-demuxer-ogg: 62fdf1f143b41e24485cea50d1cbac27 -> 
  custom:video-decoder-webm-vp8: 9c59270c3fd7afecdb556c50c9e8de78 -> 
  custom:audio-decoder-ogg-vorbis: bf7c407c2cedff20999df2af8eb42d56 -> 
========================================================================
Received Import Request.
  Time since last request: 391525.463266 seconds.
  path: Assets/Rescuse_the_forest/2D Platformer Assets/Graphics/Level Art/Props/block-big.png
  artifactKey: Guid(fef7327efb956654cbeb10a86c78f153) Importer(815301076,1909f56bfc062723c751e8b465ee728b)
Start importing Assets/Rescuse_the_forest/2D Platformer Assets/Graphics/Level Art/Props/block-big.png using Guid(fef7327efb956654cbeb10a86c78f153) Importer(815301076,1909f56bfc062723c751e8b465ee728b)  -> (artifact id: '6eaaed50a09240121fa2be8b0b4a71e1') in 1.716956 seconds 
========================================================================
Received Import Request.
  Time since last request: 3.421692 seconds.
  path: Assets/Rescuse_the_forest/2D Platformer Assets/Graphics/Level Art/Background/back.png
  artifactKey: Guid(85a1ddf8aed626246ac1a542aca6b30f) Importer(815301076,1909f56bfc062723c751e8b465ee728b)
Start importing Assets/Rescuse_the_forest/2D Platformer Assets/Graphics/Level Art/Background/back.png using Guid(85a1ddf8aed626246ac1a542aca6b30f) Importer(815301076,1909f56bfc062723c751e8b465ee728b)  -> (artifact id: 'a1f92df545fa4670f6a7150c6c9ee6b2') in 0.320280 seconds 
========================================================================
Received Import Request.
  Time since last request: 0.000031 seconds.
  path: Assets/Rescuse_the_forest/2D Platformer Assets/Graphics/Level Mechanics/Checkpoint On.png
  artifactKey: Guid(0de9a52a86712d344adedb2493bb65d1) Importer(815301076,1909f56bfc062723c751e8b465ee728b)
Start importing Assets/Rescuse_the_forest/2D Platformer Assets/Graphics/Level Mechanics/Checkpoint On.png using Guid(0de9a52a86712d344adedb2493bb65d1) Importer(815301076,1909f56bfc062723c751e8b465ee728b)  -> (artifact id: 'd25e966c8cfd8cc3623a46f8855127bc') in 0.075467 seconds 
========================================================================
Received Import Request.
  Time since last request: 0.000034 seconds.
  path: Assets/Rescuse_the_forest/2D Platformer Assets/Graphics/Level Mechanics/Checkpoint Off.png
  artifactKey: Guid(599bb51c6d72aae4f9ab0e0dc81c3996) Importer(815301076,1909f56bfc062723c751e8b465ee728b)
Start importing Assets/Rescuse_the_forest/2D Platformer Assets/Graphics/Level Mechanics/Checkpoint Off.png using Guid(599bb51c6d72aae4f9ab0e0dc81c3996) Importer(815301076,1909f56bfc062723c751e8b465ee728b)  -> (artifact id: '60c2797ecdefb4103383f0e6ff25beac') in 0.102918 seconds 
========================================================================
Received Import Request.
  Time since last request: 0.000044 seconds.
  path: Assets/Rescuse_the_forest/2D Platformer Assets/Graphics/Level Mechanics/Bouncer.png
  artifactKey: Guid(4705bb7ba368b0542bc1c37d1c7a7210) Importer(815301076,1909f56bfc062723c751e8b465ee728b)
Start importing Assets/Rescuse_the_forest/2D Platformer Assets/Graphics/Level Mechanics/Bouncer.png using Guid(4705bb7ba368b0542bc1c37d1c7a7210) Importer(815301076,1909f56bfc062723c751e8b465ee728b)  -> (artifact id: 'a9e364f3e57d04377ebc9f459e5d8c2d') in 0.344041 seconds 
========================================================================
Received Import Request.
  Time since last request: 2.660081 seconds.
  path: Assets/Rescuse_the_forest/2D Platformer Assets/Graphics/Collectibles/cherry.png
  artifactKey: Guid(646c9b56df3e3c0449e1e69cb8d36fc1) Importer(815301076,1909f56bfc062723c751e8b465ee728b)
Start importing Assets/Rescuse_the_forest/2D Platformer Assets/Graphics/Collectibles/cherry.png using Guid(646c9b56df3e3c0449e1e69cb8d36fc1) Importer(815301076,1909f56bfc062723c751e8b465ee728b)  -> (artifact id: 'b4dc395aab36e46ae3c2ce6a7894308a') in 0.638539 seconds 
========================================================================
Received Import Request.
  Time since last request: 0.000030 seconds.
  path: Assets/Rescuse_the_forest/2D Platformer Assets/Graphics/Level Mechanics/crank-down.png
  artifactKey: Guid(d80b01b560c64bb449eaa5cf91ea02a9) Importer(815301076,1909f56bfc062723c751e8b465ee728b)
Start importing Assets/Rescuse_the_forest/2D Platformer Assets/Graphics/Level Mechanics/crank-down.png using Guid(d80b01b560c64bb449eaa5cf91ea02a9) Importer(815301076,1909f56bfc062723c751e8b465ee728b)  -> (artifact id: '8d10f1777b02b81070c3eff1c5ad3b95') in 0.077521 seconds 
========================================================================
Received Import Request.
  Time since last request: 0.000033 seconds.
  path: Assets/Rescuse_the_forest/2D Platformer Assets/Graphics/Level Mechanics/Flagpole.png
  artifactKey: Guid(b83a6ee14cd22ea4c84d2aa961c18a2c) Importer(815301076,1909f56bfc062723c751e8b465ee728b)
Start importing Assets/Rescuse_the_forest/2D Platformer Assets/Graphics/Level Mechanics/Flagpole.png using Guid(b83a6ee14cd22ea4c84d2aa961c18a2c) Importer(815301076,1909f56bfc062723c751e8b465ee728b)  -> (artifact id: '55184a93cffef7048588a1f55350e296') in 0.074893 seconds 
========================================================================
Received Import Request.
  Time since last request: 0.000043 seconds.
  path: Assets/Rescuse_the_forest/2D Platformer Assets/Graphics/Collectibles/gem.png
  artifactKey: Guid(dcbfc38db01dc9c4086104f4d60804a7) Importer(815301076,1909f56bfc062723c751e8b465ee728b)
Start importing Assets/Rescuse_the_forest/2D Platformer Assets/Graphics/Collectibles/gem.png using Guid(dcbfc38db01dc9c4086104f4d60804a7) Importer(815301076,1909f56bfc062723c751e8b465ee728b)  -> (artifact id: '7c7507f3ad833481ed751b6d9a69dbde') in 0.052029 seconds 
========================================================================
Received Import Request.
  Time since last request: 0.000108 seconds.
  path: Assets/Rescuse_the_forest/2D Platformer Assets/Graphics/Overworld/Overworld_tiles_Padded.png
  artifactKey: Guid(c77131ed7a3e39842b182247171f6b28) Importer(815301076,1909f56bfc062723c751e8b465ee728b)
Start importing Assets/Rescuse_the_forest/2D Platformer Assets/Graphics/Overworld/Overworld_tiles_Padded.png using Guid(c77131ed7a3e39842b182247171f6b28) Importer(815301076,1909f56bfc062723c751e8b465ee728b)  -> (artifact id: '21d83fe7bc0207b95913273e851c128a') in 0.191263 seconds 
========================================================================
Received Import Request.
  Time since last request: 0.000064 seconds.
  path: Assets/Rescuse_the_forest/2D Platformer Assets/Graphics/Level Art/Props/shrooms.png
  artifactKey: Guid(c79491ebd568b894ba688c07429e4bc6) Importer(815301076,1909f56bfc062723c751e8b465ee728b)
Start importing Assets/Rescuse_the_forest/2D Platformer Assets/Graphics/Level Art/Props/shrooms.png using Guid(c79491ebd568b894ba688c07429e4bc6) Importer(815301076,1909f56bfc062723c751e8b465ee728b)  -> (artifact id: 'df7a18c98449e4511b2d5e494d7d8d76') in 0.178461 seconds 
========================================================================
Received Import Request.
  Time since last request: 0.000091 seconds.
  path: Assets/Rescuse_the_forest/2D Platformer Assets/Graphics/Level Art/Props/rock.png
  artifactKey: Guid(22915f5332429ba40b073cac38461e2c) Importer(815301076,1909f56bfc062723c751e8b465ee728b)
Start importing Assets/Rescuse_the_forest/2D Platformer Assets/Graphics/Level Art/Props/rock.png using Guid(22915f5332429ba40b073cac38461e2c) Importer(815301076,1909f56bfc062723c751e8b465ee728b)  -> (artifact id: 'c59b5bb5d6310064535fff98f014322f') in 0.059703 seconds 
========================================================================
Received Import Request.
  Time since last request: 0.000059 seconds.
  path: Assets/Rescuse_the_forest/2D Platformer Assets/Graphics/Level Mechanics/spikes-top.png
  artifactKey: Guid(f2ce6466904d3c3489bd0348cf9ceed8) Importer(815301076,1909f56bfc062723c751e8b465ee728b)
Start importing Assets/Rescuse_the_forest/2D Platformer Assets/Graphics/Level Mechanics/spikes-top.png using Guid(f2ce6466904d3c3489bd0348cf9ceed8) Importer(815301076,1909f56bfc062723c751e8b465ee728b)  -> (artifact id: '70f9a6f02f7e2e8681183f69e8d93af1') in 0.124966 seconds 
========================================================================
Received Import Request.
  Time since last request: 0.000038 seconds.
  path: Assets/Rescuse_the_forest/2D Platformer Assets/Graphics/Level Mechanics/spike-skull.png
  artifactKey: Guid(f1d80fd9b4ddb8e4da0bc329f0eeb59c) Importer(815301076,1909f56bfc062723c751e8b465ee728b)
Start importing Assets/Rescuse_the_forest/2D Platformer Assets/Graphics/Level Mechanics/spike-skull.png using Guid(f1d80fd9b4ddb8e4da0bc329f0eeb59c) Importer(815301076,1909f56bfc062723c751e8b465ee728b)  -> (artifact id: 'e1520e9477fffea9b46042367443cb4d') in 0.148960 seconds 
========================================================================
Received Import Request.
  Time since last request: 0.000040 seconds.
  path: Assets/Rescuse_the_forest/2D Platformer Assets/Graphics/UI/UI_Buttons_1_Normal.png
  artifactKey: Guid(8e4df7a5423f8d64fbfdb075f7ffe9b7) Importer(815301076,1909f56bfc062723c751e8b465ee728b)
Start importing Assets/Rescuse_the_forest/2D Platformer Assets/Graphics/UI/UI_Buttons_1_Normal.png using Guid(8e4df7a5423f8d64fbfdb075f7ffe9b7) Importer(815301076,1909f56bfc062723c751e8b465ee728b)  -> (artifact id: '33d9df67312a108484c7b60837fae8c9') in 0.070112 seconds 
========================================================================
Received Import Request.
  Time since last request: 0.000023 seconds.
  path: Assets/Rescuse_the_forest/2D Platformer Assets/Graphics/UI/UI_Heart.png
  artifactKey: Guid(d9a616f95048ea84e8fc6f7920f846b8) Importer(815301076,1909f56bfc062723c751e8b465ee728b)
Start importing Assets/Rescuse_the_forest/2D Platformer Assets/Graphics/UI/UI_Heart.png using Guid(d9a616f95048ea84e8fc6f7920f846b8) Importer(815301076,1909f56bfc062723c751e8b465ee728b)  -> (artifact id: 'fb0d3f403852e105f1a5309a0f516b48') in 0.086957 seconds 
========================================================================
Received Import Request.
  Time since last request: 0.000029 seconds.
  path: Assets/Rescuse_the_forest/2D Platformer Assets/Graphics/UI/Title.png
  artifactKey: Guid(930174776090fdf4491235becb10dbcd) Importer(815301076,1909f56bfc062723c751e8b465ee728b)
Start importing Assets/Rescuse_the_forest/2D Platformer Assets/Graphics/UI/Title.png using Guid(930174776090fdf4491235becb10dbcd) Importer(815301076,1909f56bfc062723c751e8b465ee728b)  -> (artifact id: '96a1b82a8f442cb420bbd42f5cd3c433') in 0.292534 seconds 
========================================================================
Received Import Request.
  Time since last request: 0.000033 seconds.
  path: Assets/Rescuse_the_forest/2D Platformer Assets/Graphics/Level Mechanics/crank-up.png
  artifactKey: Guid(613d1e5387d085e42bfb0343ac6d567d) Importer(815301076,1909f56bfc062723c751e8b465ee728b)
Start importing Assets/Rescuse_the_forest/2D Platformer Assets/Graphics/Level Mechanics/crank-up.png using Guid(613d1e5387d085e42bfb0343ac6d567d) Importer(815301076,1909f56bfc062723c751e8b465ee728b)  -> (artifact id: 'daa7d00605232e633387b40f92534cc3') in 0.081965 seconds 
========================================================================
Received Import Request.
  Time since last request: 0.000031 seconds.
  path: Assets/Rescuse_the_forest/2D Platformer Assets/Graphics/Level Mechanics/spikes.png
  artifactKey: Guid(52162e303116f6b4ebbd5615b1752254) Importer(815301076,1909f56bfc062723c751e8b465ee728b)
Start importing Assets/Rescuse_the_forest/2D Platformer Assets/Graphics/Level Mechanics/spikes.png using Guid(52162e303116f6b4ebbd5615b1752254) Importer(815301076,1909f56bfc062723c751e8b465ee728b)  -> (artifact id: '28ac90e8c56412a10f31edfb30197e45') in 0.033545 seconds 
========================================================================
Received Import Request.
  Time since last request: 0.000029 seconds.
  path: Assets/Rescuse_the_forest/2D Platformer Assets/Graphics/UI/UI_Buttons_3_Pressed.png
  artifactKey: Guid(3350a212bc3240a4a9dd25f6a4424f10) Importer(815301076,1909f56bfc062723c751e8b465ee728b)
Start importing Assets/Rescuse_the_forest/2D Platformer Assets/Graphics/UI/UI_Buttons_3_Pressed.png using Guid(3350a212bc3240a4a9dd25f6a4424f10) Importer(815301076,1909f56bfc062723c751e8b465ee728b)  -> (artifact id: '89ce621405929bf6e0fe41c5fae7d113') in 0.065832 seconds 
========================================================================
Received Import Request.
  Time since last request: 0.000039 seconds.
  path: Assets/Rescuse_the_forest/2D Platformer Assets/Graphics/Level Mechanics/small-platform.png
  artifactKey: Guid(2d869149b877a4e4490423f3636ef3ea) Importer(815301076,1909f56bfc062723c751e8b465ee728b)
Start importing Assets/Rescuse_the_forest/2D Platformer Assets/Graphics/Level Mechanics/small-platform.png using Guid(2d869149b877a4e4490423f3636ef3ea) Importer(815301076,1909f56bfc062723c751e8b465ee728b)  -> (artifact id: 'c1a880f6246cc818a51c7c5f2c4aa4ab') in 0.057497 seconds 
========================================================================
Received Import Request.
  Time since last request: 0.000023 seconds.
  path: Assets/Rescuse_the_forest/2D Platformer Assets/Graphics/Player/player-run.png
  artifactKey: Guid(e584515e5484cf8449d6aaaef8f6c4f0) Importer(815301076,1909f56bfc062723c751e8b465ee728b)
Start importing Assets/Rescuse_the_forest/2D Platformer Assets/Graphics/Player/player-run.png using Guid(e584515e5484cf8449d6aaaef8f6c4f0) Importer(815301076,1909f56bfc062723c751e8b465ee728b)  -> (artifact id: '376134360887e6ca8515ca8066be7e54') in 0.075744 seconds 
========================================================================
Received Import Request.
  Time since last request: 0.000035 seconds.
  path: Assets/Rescuse_the_forest/2D Platformer Assets/Graphics/Enemies/frog-idle.png
  artifactKey: Guid(cdb41fcfe2e6cda4ea4fbc86225c9168) Importer(815301076,1909f56bfc062723c751e8b465ee728b)
Start importing Assets/Rescuse_the_forest/2D Platformer Assets/Graphics/Enemies/frog-idle.png using Guid(cdb41fcfe2e6cda4ea4fbc86225c9168) Importer(815301076,1909f56bfc062723c751e8b465ee728b)  -> (artifact id: '190270a1742aecc63e633435709dfdb4') in 0.070081 seconds 
========================================================================
Received Import Request.
  Time since last request: 0.000046 seconds.
  path: Assets/Rescuse_the_forest/2D Platformer Assets/Graphics/Level Art/Background/middle.png
  artifactKey: Guid(9d541ad375405764cb1cbb0f66786d82) Importer(815301076,1909f56bfc062723c751e8b465ee728b)
Start importing Assets/Rescuse_the_forest/2D Platformer Assets/Graphics/Level Art/Background/middle.png using Guid(9d541ad375405764cb1cbb0f66786d82) Importer(815301076,1909f56bfc062723c751e8b465ee728b)  -> (artifact id: 'bea35884144bc9f2d2e3991a39a35a60') in 0.056769 seconds 
========================================================================
Received Import Request.
  Time since last request: 0.000066 seconds.
  path: Assets/Rescuse_the_forest/2D Platformer Assets/Graphics/Player/player-jump.png
  artifactKey: Guid(c75bbcc065e590849ab334ba2c39e1e1) Importer(815301076,1909f56bfc062723c751e8b465ee728b)
Start importing Assets/Rescuse_the_forest/2D Platformer Assets/Graphics/Player/player-jump.png using Guid(c75bbcc065e590849ab334ba2c39e1e1) Importer(815301076,1909f56bfc062723c751e8b465ee728b)  -> (artifact id: '363cc0abf6d82bf496e371644f08fcf6') in 0.050807 seconds 
========================================================================
Received Import Request.
  Time since last request: 0.000023 seconds.
  path: Assets/Rescuse_the_forest/2D Platformer Assets/Graphics/Level Mechanics/platform-long.png
  artifactKey: Guid(b37035a006956934289aa4e8722ba709) Importer(815301076,1909f56bfc062723c751e8b465ee728b)
Start importing Assets/Rescuse_the_forest/2D Platformer Assets/Graphics/Level Mechanics/platform-long.png using Guid(b37035a006956934289aa4e8722ba709) Importer(815301076,1909f56bfc062723c751e8b465ee728b)  -> (artifact id: '8b8d2edc82fefece05ccaf7c107f052e') in 0.074884 seconds 
========================================================================
Received Import Request.
  Time since last request: 0.000035 seconds.
  path: Assets/Rescuse_the_forest/2D Platformer Assets/Graphics/Level Art/Props/sign_glow.png
  artifactKey: Guid(0b6c56e957944bd4c8d837371265d8a9) Importer(815301076,1909f56bfc062723c751e8b465ee728b)
Start importing Assets/Rescuse_the_forest/2D Platformer Assets/Graphics/Level Art/Props/sign_glow.png using Guid(0b6c56e957944bd4c8d837371265d8a9) Importer(815301076,1909f56bfc062723c751e8b465ee728b)  -> (artifact id: 'b2aea7d0a4ce41485409635dcc2f7cad') in 0.049590 seconds 
========================================================================
Received Import Request.
  Time since last request: 0.000038 seconds.
  path: Assets/Rescuse_the_forest/2D Platformer Assets/Graphics/Player/player-hurt.png
  artifactKey: Guid(0fee9a55d5bdb214980ef65ca7f08461) Importer(815301076,1909f56bfc062723c751e8b465ee728b)
Start importing Assets/Rescuse_the_forest/2D Platformer Assets/Graphics/Player/player-hurt.png using Guid(0fee9a55d5bdb214980ef65ca7f08461) Importer(815301076,1909f56bfc062723c751e8b465ee728b)  -> (artifact id: 'a3653d3867136d3cd8a4ee400705c54e') in 0.128503 seconds 
========================================================================
Received Import Request.
  Time since last request: 0.000087 seconds.
  path: Assets/Rescuse_the_forest/2D Platformer Assets/Graphics/Enemies/frog-jump.png
  artifactKey: Guid(cdef769344a4d2843b431173c3b1b00f) Importer(815301076,1909f56bfc062723c751e8b465ee728b)
Start importing Assets/Rescuse_the_forest/2D Platformer Assets/Graphics/Enemies/frog-jump.png using Guid(cdef769344a4d2843b431173c3b1b00f) Importer(815301076,1909f56bfc062723c751e8b465ee728b)  -> (artifact id: 'cb2e113ecda61d3c8bcb0796067b262c') in 0.097598 seconds 
========================================================================
Received Import Request.
  Time since last request: 0.000038 seconds.
  path: Assets/Rescuse_the_forest/2D Platformer Assets/Graphics/Level Art/Props/face-block.png
  artifactKey: Guid(57c022df4f656aa42a874306f53e8a0e) Importer(815301076,1909f56bfc062723c751e8b465ee728b)
Start importing Assets/Rescuse_the_forest/2D Platformer Assets/Graphics/Level Art/Props/face-block.png using Guid(57c022df4f656aa42a874306f53e8a0e) Importer(815301076,1909f56bfc062723c751e8b465ee728b)  -> (artifact id: '350d6dc659113dde5b3bd3e71da5bcf9') in 0.053561 seconds 
========================================================================
Received Import Request.
  Time since last request: 25.791922 seconds.
  path: Assets/Prototype_Prototype_logo_dead0fc7-193c-41c1-a51b-2735ecfa8708 (2).png
  artifactKey: Guid(1a0a41ea4848c6b4b8fbd92f7269e023) Importer(815301076,1909f56bfc062723c751e8b465ee728b)
Start importing Assets/Prototype_Prototype_logo_dead0fc7-193c-41c1-a51b-2735ecfa8708 (2).png using Guid(1a0a41ea4848c6b4b8fbd92f7269e023) Importer(815301076,1909f56bfc062723c751e8b465ee728b)  -> (artifact id: '080b3138e9b414c5a9c20d4825c35408') in 0.119056 seconds 
========================================================================
Received Import Request.
  Time since last request: 226.529031 seconds.
  path: Assets/Prototype_Prototype_logo_dead0fc7-193c-41c1-a51b-2735ecfa8708 (2).png
  artifactKey: Guid(1a0a41ea4848c6b4b8fbd92f7269e023) Importer(815301076,1909f56bfc062723c751e8b465ee728b)
Start importing Assets/Prototype_Prototype_logo_dead0fc7-193c-41c1-a51b-2735ecfa8708 (2).png using Guid(1a0a41ea4848c6b4b8fbd92f7269e023) Importer(815301076,1909f56bfc062723c751e8b465ee728b)  -> (artifact id: 'ba17323a0ee4d845f3b640e3ab30ffb6') in 0.186766 seconds 
========================================================================
Received Prepare
Refreshing native plugins compatible for Editor in 5.44 ms, found 4 plugins.
Preloading 0 native plugins for Editor in 0.00 ms.
Unloading 25 Unused Serialized files (Serialized files now loaded: 0)
Unloading 25 unused Assets / (22.9 KB). Loaded Objects now: 4620.
Memory consumption went from 74.7 MB to 74.7 MB.
Total: 5.146700 ms (FindLiveObjects: 0.446100 ms CreateObjectMapping: 0.350300 ms MarkObjects: 4.312200 ms  DeleteObjects: 0.037000 ms)

AssetImportParameters requested are different than current active one (requested -> active):
  custom:video-decoder-ogg-theora: a1e56fd34408186e4bbccfd4996cb3dc -> 
  custom:container-muxer-webm: aa71ff27fc2769a1b78a27578f13a17b -> 
  custom:container-demuxer-webm: 4f35f7cbe854078d1ac9338744f61a02 -> 
  custom:video-encoder-webm-vp8: eb34c28f22e8b96e1ab97ce403110664 -> 
  custom:audio-encoder-webm-vorbis: bf7c407c2cedff20999df2af8eb42d56 -> 
  custom:framework-win-MediaFoundation: 216162199b28c13a410421893ffa2e32 -> 
  custom:container-demuxer-ogg: 62fdf1f143b41e24485cea50d1cbac27 -> 
  custom:video-decoder-webm-vp8: 9c59270c3fd7afecdb556c50c9e8de78 -> 
  custom:audio-decoder-ogg-vorbis: bf7c407c2cedff20999df2af8eb42d56 -> 
