Using pre-set license
Built from '2021.3/staging' branch; Version is '2021.3.4f1 (cb45f9cae8b7) revision 13321721'; Using compiler version '192829333'; Build Type 'Release'
OS: 'Windows 10  (10.0.19044) 64bit CoreSingleLanguage' Language: 'en' Physical Memory: 8078 MB
BatchMode: 1, IsHumanControllingUs: 0, StartBugReporterOnCrash: 0, Is64bit: 1, IsPro: 1

COMMAND LINE ARGUMENTS:
D:\Unity\Hub\Editor\2021.3.4f1\Editor\Unity.exe
-adb2
-batchMode
-noUpm
-name
AssetImportWorker1
-projectPath
D:/UnityProjects/rescuse_the_wood
-logFile
Logs/AssetImportWorker1.log
-srvPort
64150
Successfully changed project path to: D:/UnityProjects/rescuse_the_wood
D:/UnityProjects/rescuse_the_wood
[UnityMemory] Configuration Parameters - Can be set up in boot.config
    "memorysetup-bucket-allocator-granularity=16"
    "memorysetup-bucket-allocator-bucket-count=8"
    "memorysetup-bucket-allocator-block-size=33554432"
    "memorysetup-bucket-allocator-block-count=8"
    "memorysetup-main-allocator-block-size=16777216"
    "memorysetup-thread-allocator-block-size=16777216"
    "memorysetup-gfx-main-allocator-block-size=16777216"
    "memorysetup-gfx-thread-allocator-block-size=16777216"
    "memorysetup-cache-allocator-block-size=4194304"
    "memorysetup-typetree-allocator-block-size=2097152"
    "memorysetup-profiler-bucket-allocator-granularity=16"
    "memorysetup-profiler-bucket-allocator-bucket-count=8"
    "memorysetup-profiler-bucket-allocator-block-size=33554432"
    "memorysetup-profiler-bucket-allocator-block-count=8"
    "memorysetup-profiler-allocator-block-size=16777216"
    "memorysetup-profiler-editor-allocator-block-size=1048576"
    "memorysetup-temp-allocator-size-main=16777216"
    "memorysetup-job-temp-allocator-block-size=2097152"
    "memorysetup-job-temp-allocator-block-size-background=1048576"
    "memorysetup-job-temp-allocator-reduction-small-platforms=262144"
    "memorysetup-temp-allocator-size-background-worker=32768"
    "memorysetup-temp-allocator-size-job-worker=262144"
    "memorysetup-temp-allocator-size-preload-manager=33554432"
    "memorysetup-temp-allocator-size-nav-mesh-worker=65536"
    "memorysetup-temp-allocator-size-audio-worker=65536"
    "memorysetup-temp-allocator-size-cloud-worker=32768"
    "memorysetup-temp-allocator-size-gi-baking-worker=262144"
    "memorysetup-temp-allocator-size-gfx=262144"
Refreshing native plugins compatible for Editor in 137.52 ms, found 4 plugins.
Preloading 0 native plugins for Editor in 0.00 ms.
Initialize engine version: 2021.3.4f1 (cb45f9cae8b7)
[Subsystems] Discovering subsystems at path D:/Unity/Hub/Editor/2021.3.4f1/Editor/Data/Resources/UnitySubsystems
[Subsystems] Discovering subsystems at path D:/UnityProjects/rescuse_the_wood/Assets
GfxDevice: creating device client; threaded=0; jobified=0
Direct3D:
    Version:  Direct3D 11.0 [level 11.1]
    Renderer: NVIDIA GeForce MX150 (ID=0x1d10)
    Vendor:   NVIDIA
    VRAM:     4027 MB
    Driver:   30.0.15.1169
Initialize mono
Mono path[0] = 'D:/Unity/Hub/Editor/2021.3.4f1/Editor/Data/Managed'
Mono path[1] = 'D:/Unity/Hub/Editor/2021.3.4f1/Editor/Data/MonoBleedingEdge/lib/mono/unityjit-win32'
Mono config path = 'D:/Unity/Hub/Editor/2021.3.4f1/Editor/Data/MonoBleedingEdge/etc'
Using monoOptions --debugger-agent=transport=dt_socket,embedding=1,server=y,suspend=n,address=127.0.0.1:56004
Begin MonoManager ReloadAssembly
Registering precompiled unity dll's ...
Register platform support module: D:/Unity/Hub/Editor/2021.3.4f1/Editor/Data/PlaybackEngines/WebGLSupport/UnityEditor.WebGL.Extensions.dll
Register platform support module: D:/Unity/Hub/Editor/2021.3.4f1/Editor/Data/PlaybackEngines/AndroidPlayer/UnityEditor.Android.Extensions.dll
Register platform support module: D:/Unity/Hub/Editor/2021.3.4f1/Editor/Data/PlaybackEngines/WindowsStandaloneSupport/UnityEditor.WindowsStandalone.Extensions.dll
Register platform support module: D:/Unity/Hub/Editor/2021.3.4f1/Editor/Data/PlaybackEngines/MetroSupport/UnityEditor.UWP.Extensions.dll
Registered in 0.006512 seconds.
Native extension for UWP target not found
Native extension for WindowsStandalone target not found
Native extension for Android target not found
Native extension for WebGL target not found
Refreshing native plugins compatible for Editor in 133.75 ms, found 4 plugins.
Preloading 0 native plugins for Editor in 0.00 ms.
Mono: successfully reloaded assembly
- Completed reload, in  0.952 seconds
Domain Reload Profiling:
	ReloadAssembly (953ms)
		BeginReloadAssembly (111ms)
			ExecutionOrderSort (0ms)
			DisableScriptedObjects (0ms)
			BackupInstance (0ms)
			ReleaseScriptingObjects (0ms)
			CreateAndSetChildDomain (1ms)
		EndReloadAssembly (687ms)
			LoadAssemblies (111ms)
			RebuildTransferFunctionScriptingTraits (0ms)
			SetupTypeCache (177ms)
			ReleaseScriptCaches (0ms)
			RebuildScriptCaches (40ms)
			SetupLoadedEditorAssemblies (405ms)
				LogAssemblyErrors (0ms)
				InitializePlatformSupportModulesInManaged (62ms)
				SetLoadedEditorAssemblies (0ms)
				RefreshPlugins (134ms)
				BeforeProcessingInitializeOnLoad (1ms)
				ProcessInitializeOnLoadAttributes (138ms)
				ProcessInitializeOnLoadMethodAttributes (69ms)
				AfterProcessingInitializeOnLoad (0ms)
				EditorAssembliesLoaded (0ms)
			ExecutionOrderSort2 (0ms)
			AwakeInstancesAfterBackupRestoration (0ms)
Platform modules already initialized, skipping
Registering precompiled user dll's ...
Registered in 0.010293 seconds.
Begin MonoManager ReloadAssembly
Symbol file LoadedFromMemory doesn't match image D:\UnityProjects\rescuse_the_wood\Library\PackageCache\com.unity.visualscripting@1.7.8\Editor\VisualScripting.Core\Dependencies\YamlDotNet\Unity.VisualScripting.YamlDotNet.dll
Symbol file LoadedFromMemory doesn't match image D:\UnityProjects\rescuse_the_wood\Library\PackageCache\com.unity.visualscripting@1.7.8\Editor\VisualScripting.Core\Dependencies\DotNetZip\Unity.VisualScripting.IonicZip.dll
Native extension for UWP target not found
Native extension for WindowsStandalone target not found
Native extension for Android target not found
Native extension for WebGL target not found
Refreshing native plugins compatible for Editor in 127.67 ms, found 4 plugins.
Preloading 0 native plugins for Editor in 0.00 ms.
Mono: successfully reloaded assembly
- Completed reload, in  1.702 seconds
Domain Reload Profiling:
	ReloadAssembly (1704ms)
		BeginReloadAssembly (172ms)
			ExecutionOrderSort (0ms)
			DisableScriptedObjects (7ms)
			BackupInstance (0ms)
			ReleaseScriptingObjects (0ms)
			CreateAndSetChildDomain (30ms)
		EndReloadAssembly (1390ms)
			LoadAssemblies (136ms)
			RebuildTransferFunctionScriptingTraits (0ms)
			SetupTypeCache (389ms)
			ReleaseScriptCaches (1ms)
			RebuildScriptCaches (90ms)
			SetupLoadedEditorAssemblies (713ms)
				LogAssemblyErrors (0ms)
				InitializePlatformSupportModulesInManaged (20ms)
				SetLoadedEditorAssemblies (0ms)
				RefreshPlugins (128ms)
				BeforeProcessingInitializeOnLoad (142ms)
				ProcessInitializeOnLoadAttributes (360ms)
				ProcessInitializeOnLoadMethodAttributes (58ms)
				AfterProcessingInitializeOnLoad (4ms)
				EditorAssembliesLoaded (0ms)
			ExecutionOrderSort2 (0ms)
			AwakeInstancesAfterBackupRestoration (11ms)
Platform modules already initialized, skipping
========================================================================
Worker process is ready to serve import requests
Launched and connected shader compiler UnityShaderCompiler.exe after 0.27 seconds
Refreshing native plugins compatible for Editor in 1.39 ms, found 4 plugins.
Preloading 0 native plugins for Editor in 0.00 ms.
Unloading 4088 Unused Serialized files (Serialized files now loaded: 0)
Unloading 38 unused Assets / (55.3 KB). Loaded Objects now: 4546.
Memory consumption went from 151.7 MB to 151.6 MB.
Total: 4.855300 ms (FindLiveObjects: 0.395300 ms CreateObjectMapping: 0.337400 ms MarkObjects: 4.035800 ms  DeleteObjects: 0.085300 ms)

AssetImportParameters requested are different than current active one (requested -> active):
  custom:video-decoder-ogg-theora: a1e56fd34408186e4bbccfd4996cb3dc -> 
  custom:container-muxer-webm: aa71ff27fc2769a1b78a27578f13a17b -> 
  custom:container-demuxer-webm: 4f35f7cbe854078d1ac9338744f61a02 -> 
  custom:video-encoder-webm-vp8: eb34c28f22e8b96e1ab97ce403110664 -> 
  custom:audio-encoder-webm-vorbis: bf7c407c2cedff20999df2af8eb42d56 -> 
  custom:framework-win-MediaFoundation: 216162199b28c13a410421893ffa2e32 -> 
  custom:container-demuxer-ogg: 62fdf1f143b41e24485cea50d1cbac27 -> 
  custom:video-decoder-webm-vp8: 9c59270c3fd7afecdb556c50c9e8de78 -> 
  custom:audio-decoder-ogg-vorbis: bf7c407c2cedff20999df2af8eb42d56 -> 
========================================================================
Received Import Request.
  Time since last request: 391530.901943 seconds.
  path: Assets/Rescuse_the_forest/2D Platformer Assets/Graphics/Level Art/Props/big-crate.png
  artifactKey: Guid(3a6b0c911eb23124c94db8a4125738e7) Importer(815301076,1909f56bfc062723c751e8b465ee728b)
Start importing Assets/Rescuse_the_forest/2D Platformer Assets/Graphics/Level Art/Props/big-crate.png using Guid(3a6b0c911eb23124c94db8a4125738e7) Importer(815301076,1909f56bfc062723c751e8b465ee728b)  -> (artifact id: '559009692dcf8725b70e82ceaca7c7cd') in 0.339837 seconds 
========================================================================
Received Import Request.
  Time since last request: 0.000035 seconds.
  path: Assets/Rescuse_the_forest/2D Platformer Assets/Graphics/Level Art/Props/block.png
  artifactKey: Guid(42fc57492c0949845a7cbb8f66dc745a) Importer(815301076,1909f56bfc062723c751e8b465ee728b)
Start importing Assets/Rescuse_the_forest/2D Platformer Assets/Graphics/Level Art/Props/block.png using Guid(42fc57492c0949845a7cbb8f66dc745a) Importer(815301076,1909f56bfc062723c751e8b465ee728b)  -> (artifact id: '61a9fb3478c3e16e2e91a673f1c6cb15') in 0.129286 seconds 
========================================================================
Received Import Request.
  Time since last request: 0.000035 seconds.
  path: Assets/Rescuse_the_forest/2D Platformer Assets/Graphics/Level Art/Props/bush.png
  artifactKey: Guid(a4ff1ef9b914c924db2aba5c6e50276a) Importer(815301076,1909f56bfc062723c751e8b465ee728b)
Start importing Assets/Rescuse_the_forest/2D Platformer Assets/Graphics/Level Art/Props/bush.png using Guid(a4ff1ef9b914c924db2aba5c6e50276a) Importer(815301076,1909f56bfc062723c751e8b465ee728b)  -> (artifact id: '327dee71cc849b36f2492f198fd97093') in 0.150558 seconds 
========================================================================
Received Import Request.
  Time since last request: 3.012333 seconds.
  path: Assets/Rescuse_the_forest/2D Platformer Assets/Graphics/Collectibles/Collect_Effect.png
  artifactKey: Guid(7395d232a87288a49a0f59848ed97c9c) Importer(815301076,1909f56bfc062723c751e8b465ee728b)
Start importing Assets/Rescuse_the_forest/2D Platformer Assets/Graphics/Collectibles/Collect_Effect.png using Guid(7395d232a87288a49a0f59848ed97c9c) Importer(815301076,1909f56bfc062723c751e8b465ee728b)  -> (artifact id: 'bf48c4656909b0cb3a3d1b79e72e6d61') in 0.667063 seconds 
========================================================================
Received Import Request.
  Time since last request: 0.000031 seconds.
  path: Assets/Rescuse_the_forest/2D Platformer Assets/Graphics/Enemies/enemy-deadth.png
  artifactKey: Guid(1ec5cd5f2a02e694caf5c6db3dd7f329) Importer(815301076,1909f56bfc062723c751e8b465ee728b)
Start importing Assets/Rescuse_the_forest/2D Platformer Assets/Graphics/Enemies/enemy-deadth.png using Guid(1ec5cd5f2a02e694caf5c6db3dd7f329) Importer(815301076,1909f56bfc062723c751e8b465ee728b)  -> (artifact id: '76b6b17287efd2d6515256c32bf99dd7') in 0.149447 seconds 
========================================================================
Received Import Request.
  Time since last request: 0.000040 seconds.
  path: Assets/Rescuse_the_forest/2D Platformer Assets/Graphics/Enemies/eagle-attack.png
  artifactKey: Guid(dc65e77ddc29c1d4f935b762e0474024) Importer(815301076,1909f56bfc062723c751e8b465ee728b)
Start importing Assets/Rescuse_the_forest/2D Platformer Assets/Graphics/Enemies/eagle-attack.png using Guid(dc65e77ddc29c1d4f935b762e0474024) Importer(815301076,1909f56bfc062723c751e8b465ee728b)  -> (artifact id: 'fbc36d9c9049197d55d7523e64ee6e05') in 0.136908 seconds 
========================================================================
Received Import Request.
  Time since last request: 0.000090 seconds.
  path: Assets/Rescuse_the_forest/2D Platformer Assets/Graphics/Overworld/Overworld_Badges.png
  artifactKey: Guid(14b95d8392b37704e9b4c68d004b2b78) Importer(815301076,1909f56bfc062723c751e8b465ee728b)
Start importing Assets/Rescuse_the_forest/2D Platformer Assets/Graphics/Overworld/Overworld_Badges.png using Guid(14b95d8392b37704e9b4c68d004b2b78) Importer(815301076,1909f56bfc062723c751e8b465ee728b)  -> (artifact id: 'c6d48df6e727e8c366ddc1b60a7a5f52') in 0.119215 seconds 
========================================================================
Received Import Request.
  Time since last request: 0.000061 seconds.
  path: Assets/Rescuse_the_forest/2D Platformer Assets/Graphics/Player/player-climb.png
  artifactKey: Guid(c179a7ff3bcc4ad439e0d86f33b96480) Importer(815301076,1909f56bfc062723c751e8b465ee728b)
Start importing Assets/Rescuse_the_forest/2D Platformer Assets/Graphics/Player/player-climb.png using Guid(c179a7ff3bcc4ad439e0d86f33b96480) Importer(815301076,1909f56bfc062723c751e8b465ee728b)  -> (artifact id: '3d75cc81f19720721b06b81c5ac75a39') in 0.158682 seconds 
========================================================================
Received Import Request.
  Time since last request: 0.000025 seconds.
  path: Assets/Rescuse_the_forest/2D Platformer Assets/Graphics/Player/player-crouch.png
  artifactKey: Guid(83a68f06629a6f649bf9d5572c17e7d7) Importer(815301076,1909f56bfc062723c751e8b465ee728b)
Start importing Assets/Rescuse_the_forest/2D Platformer Assets/Graphics/Player/player-crouch.png using Guid(83a68f06629a6f649bf9d5572c17e7d7) Importer(815301076,1909f56bfc062723c751e8b465ee728b)  -> (artifact id: '54e3849f81ccb02b5142188be6896151') in 0.094428 seconds 
========================================================================
Received Import Request.
  Time since last request: 0.000038 seconds.
  path: Assets/Rescuse_the_forest/2D Platformer Assets/Graphics/Level Art/Props/sign.png
  artifactKey: Guid(832ced79a9978ce4eaa88d553f7a173f) Importer(815301076,1909f56bfc062723c751e8b465ee728b)
Start importing Assets/Rescuse_the_forest/2D Platformer Assets/Graphics/Level Art/Props/sign.png using Guid(832ced79a9978ce4eaa88d553f7a173f) Importer(815301076,1909f56bfc062723c751e8b465ee728b)  -> (artifact id: '80b49c5c7c7f34732f29090049a53bfa') in 0.073141 seconds 
========================================================================
Received Import Request.
  Time since last request: 0.000039 seconds.
  path: Assets/Rescuse_the_forest/2D Platformer Assets/Graphics/Level Art/simple_setup_level.png
  artifactKey: Guid(3bcb7088d9c7aa548a699bbc7bccae27) Importer(815301076,1909f56bfc062723c751e8b465ee728b)
Start importing Assets/Rescuse_the_forest/2D Platformer Assets/Graphics/Level Art/simple_setup_level.png using Guid(3bcb7088d9c7aa548a699bbc7bccae27) Importer(815301076,1909f56bfc062723c751e8b465ee728b)  -> (artifact id: 'b96718846d476f8d4c2e8920989a42f3') in 0.100444 seconds 
========================================================================
Received Import Request.
  Time since last request: 0.000035 seconds.
  path: Assets/Rescuse_the_forest/2D Platformer Assets/Graphics/Boss/Tank_Big_Boss.png
  artifactKey: Guid(693315c69ea86c84382fcc341e6f4ee7) Importer(815301076,1909f56bfc062723c751e8b465ee728b)
Start importing Assets/Rescuse_the_forest/2D Platformer Assets/Graphics/Boss/Tank_Big_Boss.png using Guid(693315c69ea86c84382fcc341e6f4ee7) Importer(815301076,1909f56bfc062723c751e8b465ee728b)  -> (artifact id: '1d97583724c073631ac7ce433228f25e') in 0.312350 seconds 
========================================================================
Received Import Request.
  Time since last request: 0.000028 seconds.
  path: Assets/Rescuse_the_forest/2D Platformer Assets/Graphics/Level Art/Props/tree.png
  artifactKey: Guid(569b0b9b728b15748a6c1d0415d281c9) Importer(815301076,1909f56bfc062723c751e8b465ee728b)
Start importing Assets/Rescuse_the_forest/2D Platformer Assets/Graphics/Level Art/Props/tree.png using Guid(569b0b9b728b15748a6c1d0415d281c9) Importer(815301076,1909f56bfc062723c751e8b465ee728b)  -> (artifact id: '5cfc73449ff48a54a9a083db6edc180e') in 0.107162 seconds 
========================================================================
Received Import Request.
  Time since last request: 0.000024 seconds.
  path: Assets/Rescuse_the_forest/2D Platformer Assets/Graphics/UI/UI_Panel.png
  artifactKey: Guid(f3fced62e3ef9044bbb6284d4567b780) Importer(815301076,1909f56bfc062723c751e8b465ee728b)
Start importing Assets/Rescuse_the_forest/2D Platformer Assets/Graphics/UI/UI_Panel.png using Guid(f3fced62e3ef9044bbb6284d4567b780) Importer(815301076,1909f56bfc062723c751e8b465ee728b)  -> (artifact id: 'd9cfe37c6befdcd9ffc71b4f2d41dffe') in 0.075411 seconds 
========================================================================
Received Import Request.
  Time since last request: 0.000081 seconds.
  path: Assets/Rescuse_the_forest/2D Platformer Assets/Graphics/Level Mechanics/spikes_white.png
  artifactKey: Guid(524a8e79300aa6d4a9aed5a2c0c98551) Importer(815301076,1909f56bfc062723c751e8b465ee728b)
Start importing Assets/Rescuse_the_forest/2D Platformer Assets/Graphics/Level Mechanics/spikes_white.png using Guid(524a8e79300aa6d4a9aed5a2c0c98551) Importer(815301076,1909f56bfc062723c751e8b465ee728b)  -> (artifact id: 'd7f7a3b9758ef78be564ddad49f5ec81') in 0.115890 seconds 
========================================================================
Received Import Request.
  Time since last request: 0.000059 seconds.
  path: Assets/Rescuse_the_forest/2D Platformer Assets/Graphics/Level Art/Tileset/SunnyLand Tiles.png
  artifactKey: Guid(9bcfd10f4b117ea4ebb5682e5337e612) Importer(815301076,1909f56bfc062723c751e8b465ee728b)
Start importing Assets/Rescuse_the_forest/2D Platformer Assets/Graphics/Level Art/Tileset/SunnyLand Tiles.png using Guid(9bcfd10f4b117ea4ebb5682e5337e612) Importer(815301076,1909f56bfc062723c751e8b465ee728b)  -> (artifact id: '18fda576b93e12355d4fe40e6565adb3') in 0.383523 seconds 
========================================================================
Received Import Request.
  Time since last request: 0.000028 seconds.
  path: Assets/Rescuse_the_forest/2D Platformer Assets/Graphics/Level Mechanics/door.png
  artifactKey: Guid(002449c087a8ec84fbdcad8dc8188490) Importer(815301076,1909f56bfc062723c751e8b465ee728b)
Start importing Assets/Rescuse_the_forest/2D Platformer Assets/Graphics/Level Mechanics/door.png using Guid(002449c087a8ec84fbdcad8dc8188490) Importer(815301076,1909f56bfc062723c751e8b465ee728b)  -> (artifact id: 'ed05de85a818de7c5a4a652eeae16e62') in 0.055265 seconds 
========================================================================
Received Import Request.
  Time since last request: 0.000034 seconds.
  path: Assets/Rescuse_the_forest/2D Platformer Assets/Graphics/UI/Victory.png
  artifactKey: Guid(8663534fb4c12ac4990946c3077fa2e4) Importer(815301076,1909f56bfc062723c751e8b465ee728b)
Start importing Assets/Rescuse_the_forest/2D Platformer Assets/Graphics/UI/Victory.png using Guid(8663534fb4c12ac4990946c3077fa2e4) Importer(815301076,1909f56bfc062723c751e8b465ee728b)  -> (artifact id: '6b4d703b72526bf80b6164e50d2d776f') in 0.044171 seconds 
========================================================================
Received Import Request.
  Time since last request: 0.000028 seconds.
  path: Assets/Rescuse_the_forest/2D Platformer Assets/Graphics/UI/UI_Buttons_2_Highlighted.png
  artifactKey: Guid(8e33aa6c6f939eb4c875676c3dbe94b7) Importer(815301076,1909f56bfc062723c751e8b465ee728b)
Start importing Assets/Rescuse_the_forest/2D Platformer Assets/Graphics/UI/UI_Buttons_2_Highlighted.png using Guid(8e33aa6c6f939eb4c875676c3dbe94b7) Importer(815301076,1909f56bfc062723c751e8b465ee728b)  -> (artifact id: '6bc1d6bccff9ebbedb22f4d16d06335a') in 0.084159 seconds 
========================================================================
Received Import Request.
  Time since last request: 0.000027 seconds.
  path: Assets/Rescuse_the_forest/2D Platformer Assets/Graphics/Level Art/Props/skulls.png
  artifactKey: Guid(3b4ee678bbc112e4a9a744f727ce1863) Importer(815301076,1909f56bfc062723c751e8b465ee728b)
Start importing Assets/Rescuse_the_forest/2D Platformer Assets/Graphics/Level Art/Props/skulls.png using Guid(3b4ee678bbc112e4a9a744f727ce1863) Importer(815301076,1909f56bfc062723c751e8b465ee728b)  -> (artifact id: '6de96ab340b84bdd8e5ffbb3279c129d') in 0.050496 seconds 
========================================================================
Received Import Request.
  Time since last request: 0.000027 seconds.
  path: Assets/Rescuse_the_forest/2D Platformer Assets/Graphics/Enemies/oposum.png
  artifactKey: Guid(845f3db9a86f590438cb3ac7f51f6137) Importer(815301076,1909f56bfc062723c751e8b465ee728b)
Start importing Assets/Rescuse_the_forest/2D Platformer Assets/Graphics/Enemies/oposum.png using Guid(845f3db9a86f590438cb3ac7f51f6137) Importer(815301076,1909f56bfc062723c751e8b465ee728b)  -> (artifact id: '5a37cb471d4215c606a7d0141586bcce') in 0.050070 seconds 
========================================================================
Received Import Request.
  Time since last request: 0.000046 seconds.
  path: Assets/Rescuse_the_forest/2D Platformer Assets/Graphics/Player/player-idle.png
  artifactKey: Guid(d0ff653f4b4d3f14dab1926a9ed3efb6) Importer(815301076,1909f56bfc062723c751e8b465ee728b)
Start importing Assets/Rescuse_the_forest/2D Platformer Assets/Graphics/Player/player-idle.png using Guid(d0ff653f4b4d3f14dab1926a9ed3efb6) Importer(815301076,1909f56bfc062723c751e8b465ee728b)  -> (artifact id: '8e0d35a3db232ffe3056356898a43d9f') in 0.061928 seconds 
========================================================================
Received Import Request.
  Time since last request: 0.000051 seconds.
  path: Assets/Rescuse_the_forest/2D Platformer Assets/Graphics/Level Art/Props/house.png
  artifactKey: Guid(e55d57b28f1d95649870330ceb08ea92) Importer(815301076,1909f56bfc062723c751e8b465ee728b)
Start importing Assets/Rescuse_the_forest/2D Platformer Assets/Graphics/Level Art/Props/house.png using Guid(e55d57b28f1d95649870330ceb08ea92) Importer(815301076,1909f56bfc062723c751e8b465ee728b)  -> (artifact id: '7bc8b5d257945a781f197f810bbe391d') in 0.052435 seconds 
========================================================================
Received Import Request.
  Time since last request: 0.000031 seconds.
  path: Assets/Rescuse_the_forest/2D Platformer Assets/Graphics/Level Art/Props/crate.png
  artifactKey: Guid(5c45fe5c49eee8a4696540a2a79fb85c) Importer(815301076,1909f56bfc062723c751e8b465ee728b)
Start importing Assets/Rescuse_the_forest/2D Platformer Assets/Graphics/Level Art/Props/crate.png using Guid(5c45fe5c49eee8a4696540a2a79fb85c) Importer(815301076,1909f56bfc062723c751e8b465ee728b)  -> (artifact id: 'dde3f79a654b7c129048280d3a66edf4') in 0.084442 seconds 
========================================================================
Received Import Request.
  Time since last request: 0.000029 seconds.
  path: Assets/Rescuse_the_forest/2D Platformer Assets/Graphics/Level Mechanics/smasher.png
  artifactKey: Guid(5fc370283b6843946a419e8e0e8a0163) Importer(815301076,1909f56bfc062723c751e8b465ee728b)
Start importing Assets/Rescuse_the_forest/2D Platformer Assets/Graphics/Level Mechanics/smasher.png using Guid(5fc370283b6843946a419e8e0e8a0163) Importer(815301076,1909f56bfc062723c751e8b465ee728b)  -> (artifact id: 'db96a729aa4ec9069ee9a2ef04113dae') in 0.147219 seconds 
========================================================================
Received Prepare
Refreshing native plugins compatible for Editor in 4.91 ms, found 4 plugins.
Preloading 0 native plugins for Editor in 0.00 ms.
Unloading 25 Unused Serialized files (Serialized files now loaded: 0)
Unloading 25 unused Assets / (22.9 KB). Loaded Objects now: 4602.
Memory consumption went from 74.8 MB to 74.8 MB.
Total: 5.555000 ms (FindLiveObjects: 0.430200 ms CreateObjectMapping: 0.403500 ms MarkObjects: 4.679000 ms  DeleteObjects: 0.041100 ms)

AssetImportParameters requested are different than current active one (requested -> active):
  custom:video-decoder-ogg-theora: a1e56fd34408186e4bbccfd4996cb3dc -> 
  custom:container-muxer-webm: aa71ff27fc2769a1b78a27578f13a17b -> 
  custom:container-demuxer-webm: 4f35f7cbe854078d1ac9338744f61a02 -> 
  custom:video-encoder-webm-vp8: eb34c28f22e8b96e1ab97ce403110664 -> 
  custom:audio-encoder-webm-vorbis: bf7c407c2cedff20999df2af8eb42d56 -> 
  custom:framework-win-MediaFoundation: 216162199b28c13a410421893ffa2e32 -> 
  custom:container-demuxer-ogg: 62fdf1f143b41e24485cea50d1cbac27 -> 
  custom:video-decoder-webm-vp8: 9c59270c3fd7afecdb556c50c9e8de78 -> 
  custom:audio-decoder-ogg-vorbis: bf7c407c2cedff20999df2af8eb42d56 -> 
